<?xml version="1.0" encoding="UTF-8"?>
<testng-results skipped="0" failed="1" total="2" passed="1">
  <reporter-output>
  </reporter-output>
  <suite name="Default suite" duration-ms="23364" started-at="2014-06-30T17:48:43Z" finished-at="2014-06-30T17:49:06Z">
    <groups>
    </groups>
    <test name="Default test" duration-ms="23364" started-at="2014-06-30T17:48:43Z" finished-at="2014-06-30T17:49:06Z">
      <class name="com.autotesting.framework.suits.TutByTest">
        <test-method status="PASS" signature="Incorrectlogin()[pri:0, instance:com.autotesting.framework.suits.TutByTest@956f6b]" name="Incorrectlogin" duration-ms="23329" started-at="2014-06-30T20:48:43Z" finished-at="2014-06-30T20:49:06Z">
          <reporter-output>
          </reporter-output>
        </test-method> <!-- Incorrectlogin -->
        <test-method status="FAIL" signature="restablishPasswordAndLogin()[pri:0, instance:com.autotesting.framework.suits.TutByTest@956f6b]" name="restablishPasswordAndLogin" duration-ms="7" started-at="2014-06-30T20:49:06Z" finished-at="2014-06-30T20:49:06Z">
          <exception class="org.openqa.selenium.WebDriverException">
            <message>
              <![CDATA[Session ID may not be null
Build info: version: '2.9.0', revision: '14289', time: '2011-10-20 23:22:17'
System info: os.name: 'Windows 7', os.arch: 'x86', os.version: '6.1', java.version: '1.7.0_51'
Driver info: driver.version: RemoteWebDriver]]>
            </message>
            <full-stacktrace>
              <![CDATA[org.openqa.selenium.WebDriverException: Session ID may not be null
Build info: version: '2.9.0', revision: '14289', time: '2011-10-20 23:22:17'
System info: os.name: 'Windows 7', os.arch: 'x86', os.version: '6.1', java.version: '1.7.0_51'
Driver info: driver.version: RemoteWebDriver
	at org.openqa.selenium.remote.HttpCommandExecutor$CommandInfo.get(HttpCommandExecutor.java:612)
	at org.openqa.selenium.remote.HttpCommandExecutor$CommandInfo.getMethod(HttpCommandExecutor.java:596)
	at org.openqa.selenium.remote.HttpCommandExecutor.execute(HttpCommandExecutor.java:352)
	at org.openqa.selenium.chrome.ChromeCommandExecutor.execute(ChromeCommandExecutor.java:50)
	at org.openqa.selenium.remote.RemoteWebDriver.execute(RemoteWebDriver.java:397)
	at org.openqa.selenium.remote.RemoteWebDriver.get(RemoteWebDriver.java:176)
	at org.openqa.selenium.remote.RemoteWebDriver$RemoteNavigation.to(RemoteWebDriver.java:573)
	at com.autotesting.framework.screens.TutByMainPageScreen.restablishPasswordAndLogin(TutByMainPageScreen.java:38)
	at com.autotesting.framework.suits.TutByTest.restablishPasswordAndLogin(TutByTest.java:53)
	at sun.reflect.NativeMethodAccessorImpl.invoke0(Native Method)
	at sun.reflect.NativeMethodAccessorImpl.invoke(NativeMethodAccessorImpl.java:57)
	at sun.reflect.DelegatingMethodAccessorImpl.invoke(DelegatingMethodAccessorImpl.java:43)
	at java.lang.reflect.Method.invoke(Method.java:606)
	at org.testng.internal.MethodInvocationHelper.invokeMethod(MethodInvocationHelper.java:84)
	at org.testng.internal.Invoker.invokeMethod(Invoker.java:714)
	at org.testng.internal.Invoker.invokeTestMethod(Invoker.java:901)
	at org.testng.internal.Invoker.invokeTestMethods(Invoker.java:1231)
	at org.testng.internal.TestMethodWorker.invokeTestMethods(TestMethodWorker.java:127)
	at org.testng.internal.TestMethodWorker.run(TestMethodWorker.java:111)
	at org.testng.TestRunner.privateRun(TestRunner.java:767)
	at org.testng.TestRunner.run(TestRunner.java:617)
	at org.testng.SuiteRunner.runTest(SuiteRunner.java:334)
	at org.testng.SuiteRunner.runSequentially(SuiteRunner.java:329)
	at org.testng.SuiteRunner.privateRun(SuiteRunner.java:291)
	at org.testng.SuiteRunner.run(SuiteRunner.java:240)
	at org.testng.SuiteRunnerWorker.runSuite(SuiteRunnerWorker.java:52)
	at org.testng.SuiteRunnerWorker.run(SuiteRunnerWorker.java:86)
	at org.testng.TestNG.runSuitesSequentially(TestNG.java:1224)
	at org.testng.TestNG.runSuitesLocally(TestNG.java:1149)
	at org.testng.TestNG.run(TestNG.java:1057)
	at org.testng.remote.RemoteTestNG.run(RemoteTestNG.java:111)
	at org.testng.remote.RemoteTestNG.initAndRun(RemoteTestNG.java:204)
	at org.testng.remote.RemoteTestNG.main(RemoteTestNG.java:175)
]]>
            </full-stacktrace>
          </exception> <!-- org.openqa.selenium.WebDriverException -->
          <reporter-output>
          </reporter-output>
        </test-method> <!-- restablishPasswordAndLogin -->
      </class> <!-- com.autotesting.framework.suits.TutByTest -->
    </test> <!-- Default test -->
  </suite> <!-- Default suite -->
</testng-results>
